<?xml version="1.0" encoding="UTF-8"?>
<testng-results ignored="0" total="3" passed="3" failed="0" skipped="0">
  <reporter-output>
  </reporter-output>
  <suite started-at="2026-08-25T16:39:17 IST" name="Default suite" finished-at="2026-08-25T16:39:39 IST" duration-ms="22710">
    <groups>
    </groups>
    <test started-at="2026-08-25T16:39:17 IST" name="Default test" finished-at="2026-08-25T16:39:39 IST" duration-ms="22710">
      <class name="Basic.Launch">
        <test-method signature="github()[pri:0, instance:Basic.Launch@a1153bc]" started-at="2026-08-25T16:39:17 IST" name="github" finished-at="2026-08-25T16:39:27 IST" duration-ms="10778" status="PASS">
          <reporter-output>
          </reporter-output>
        </test-method> <!-- github -->
        <test-method signature="leetcode()[pri:0, instance:Basic.Launch@a1153bc]" started-at="2026-08-25T16:39:27 IST" name="leetcode" finished-at="2026-08-25T16:39:34 IST" duration-ms="6603" status="PASS">
          <reporter-output>
          </reporter-output>
        </test-method> <!-- leetcode -->
        <test-method signature="linkedin()[pri:1, instance:Basic.Launch@a1153bc]" started-at="2026-08-25T16:39:34 IST" name="linkedin" finished-at="2026-08-25T16:39:39 IST" duration-ms="5264" status="PASS">
          <reporter-output>
          </reporter-output>
        </test-method> <!-- linkedin -->
      </class> <!-- Basic.Launch -->
    </test> <!-- Default test -->
  </suite> <!-- Default suite -->
</testng-results>
